24-Mar-2026 22:56:09.718 INFO [main] org.apache.catalina.startup.VersionLoggerListener.log Server version name:   Apache Tomcat/9.0.116
24-Mar-2026 22:56:09.728 INFO [main] org.apache.catalina.startup.VersionLoggerListener.log Server built:          Mar 16 2026 15:05:42 UTC
24-Mar-2026 22:56:09.731 INFO [main] org.apache.catalina.startup.VersionLoggerListener.log Server version number: 9.0.116.0
24-Mar-2026 22:56:09.732 INFO [main] org.apache.catalina.startup.VersionLoggerListener.log OS Name:               Windows 10
24-Mar-2026 22:56:09.732 INFO [main] org.apache.catalina.startup.VersionLoggerListener.log OS Version:            10.0
24-Mar-2026 22:56:09.733 INFO [main] org.apache.catalina.startup.VersionLoggerListener.log Architecture:          amd64
24-Mar-2026 22:56:09.734 INFO [main] org.apache.catalina.startup.VersionLoggerListener.log Java Home:             C:\Program Files\Java\jdk-24
24-Mar-2026 22:56:09.734 INFO [main] org.apache.catalina.startup.VersionLoggerListener.log JVM Version:           24.0.2+12-54
24-Mar-2026 22:56:09.735 INFO [main] org.apache.catalina.startup.VersionLoggerListener.log JVM Vendor:            Oracle Corporation
24-Mar-2026 22:56:09.736 INFO [main] org.apache.catalina.startup.VersionLoggerListener.log CATALINA_BASE:         C:\Users\APPLE\Downloads\apache-tomcat-9.0.116
24-Mar-2026 22:56:09.737 INFO [main] org.apache.catalina.startup.VersionLoggerListener.log CATALINA_HOME:         C:\Users\APPLE\Downloads\apache-tomcat-9.0.116
24-Mar-2026 22:56:09.783 INFO [main] org.apache.catalina.startup.VersionLoggerListener.log Command line argument: --add-opens=java.base/java.lang=ALL-UNNAMED
24-Mar-2026 22:56:09.784 INFO [main] org.apache.catalina.startup.VersionLoggerListener.log Command line argument: --add-opens=java.base/java.lang.invoke=ALL-UNNAMED
24-Mar-2026 22:56:09.785 INFO [main] org.apache.catalina.startup.VersionLoggerListener.log Command line argument: --add-opens=java.base/java.lang.reflect=ALL-UNNAMED
24-Mar-2026 22:56:09.785 INFO [main] org.apache.catalina.startup.VersionLoggerListener.log Command line argument: --add-opens=java.base/java.io=ALL-UNNAMED
24-Mar-2026 22:56:09.787 INFO [main] org.apache.catalina.startup.VersionLoggerListener.log Command line argument: --add-opens=java.base/java.util=ALL-UNNAMED
24-Mar-2026 22:56:09.788 INFO [main] org.apache.catalina.startup.VersionLoggerListener.log Command line argument: --add-opens=java.base/java.util.concurrent=ALL-UNNAMED
24-Mar-2026 22:56:09.789 INFO [main] org.apache.catalina.startup.VersionLoggerListener.log Command line argument: --add-opens=java.rmi/sun.rmi.transport=ALL-UNNAMED
24-Mar-2026 22:56:09.790 INFO [main] org.apache.catalina.startup.VersionLoggerListener.log Command line argument: -Djava.util.logging.config.file=C:\Users\APPLE\Downloads\apache-tomcat-9.0.116\conf\logging.properties
24-Mar-2026 22:56:09.791 INFO [main] org.apache.catalina.startup.VersionLoggerListener.log Command line argument: -Djava.util.logging.manager=org.apache.juli.ClassLoaderLogManager
24-Mar-2026 22:56:09.792 INFO [main] org.apache.catalina.startup.VersionLoggerListener.log Command line argument: -Djdk.tls.ephemeralDHKeySize=2048
24-Mar-2026 22:56:09.793 INFO [main] org.apache.catalina.startup.VersionLoggerListener.log Command line argument: -Djava.protocol.handler.pkgs=org.apache.catalina.webresources
24-Mar-2026 22:56:09.794 INFO [main] org.apache.catalina.startup.VersionLoggerListener.log Command line argument: -Dsun.io.useCanonCaches=false
24-Mar-2026 22:56:09.795 INFO [main] org.apache.catalina.startup.VersionLoggerListener.log Command line argument: -Dignore.endorsed.dirs=
24-Mar-2026 22:56:09.796 INFO [main] org.apache.catalina.startup.VersionLoggerListener.log Command line argument: -Dcatalina.base=C:\Users\APPLE\Downloads\apache-tomcat-9.0.116
24-Mar-2026 22:56:09.797 INFO [main] org.apache.catalina.startup.VersionLoggerListener.log Command line argument: -Dcatalina.home=C:\Users\APPLE\Downloads\apache-tomcat-9.0.116
24-Mar-2026 22:56:09.798 INFO [main] org.apache.catalina.startup.VersionLoggerListener.log Command line argument: -Djava.io.tmpdir=C:\Users\APPLE\Downloads\apache-tomcat-9.0.116\temp
24-Mar-2026 22:56:09.878 INFO [main] org.apache.catalina.core.AprLifecycleListener.lifecycleEvent Loaded Apache Tomcat Native library [1.3.7] using APR version [1.7.6].
24-Mar-2026 22:56:09.882 INFO [main] org.apache.catalina.core.AprLifecycleListener.lifecycleEvent APR capabilities: IPv6 [true], sendfile [true], accept filters [false], random [true], UDS [true].
24-Mar-2026 22:56:09.882 INFO [main] org.apache.catalina.core.AprLifecycleListener.lifecycleEvent APR/OpenSSL configuration: useAprConnector [false], useOpenSSL [true]
24-Mar-2026 22:56:09.932 INFO [main] org.apache.catalina.core.AprLifecycleListener.initializeSSL OpenSSL successfully initialized [OpenSSL 3.0.19 27 Jan 2026]
24-Mar-2026 22:56:10.588 INFO [main] org.apache.coyote.AbstractProtocol.init Initializing ProtocolHandler ["http-nio-8080"]
24-Mar-2026 22:56:10.682 INFO [main] org.apache.catalina.startup.Catalina.load Server initialization in [1496] milliseconds
24-Mar-2026 22:56:10.800 INFO [main] org.apache.catalina.core.StandardService.startInternal Starting service [Catalina]
24-Mar-2026 22:56:10.801 INFO [main] org.apache.catalina.core.StandardEngine.startInternal Starting Servlet engine: [Apache Tomcat/9.0.116]
24-Mar-2026 22:56:10.829 INFO [main] org.apache.catalina.startup.HostConfig.deployDirectory Deploying web application directory [C:\Users\APPLE\Downloads\apache-tomcat-9.0.116\webapps\docs]
24-Mar-2026 22:56:11.579 INFO [main] org.apache.catalina.startup.HostConfig.deployDirectory Deployment of web application directory [C:\Users\APPLE\Downloads\apache-tomcat-9.0.116\webapps\docs] has finished in [745] ms
24-Mar-2026 22:56:11.580 INFO [main] org.apache.catalina.startup.HostConfig.deployDirectory Deploying web application directory [C:\Users\APPLE\Downloads\apache-tomcat-9.0.116\webapps\examples]
24-Mar-2026 22:56:12.735 INFO [main] org.apache.catalina.startup.HostConfig.deployDirectory Deployment of web application directory [C:\Users\APPLE\Downloads\apache-tomcat-9.0.116\webapps\examples] has finished in [1,155] ms
24-Mar-2026 22:56:12.736 INFO [main] org.apache.catalina.startup.HostConfig.deployDirectory Deploying web application directory [C:\Users\APPLE\Downloads\apache-tomcat-9.0.116\webapps\host-manager]
24-Mar-2026 22:56:12.832 INFO [main] org.apache.catalina.startup.HostConfig.deployDirectory Deployment of web application directory [C:\Users\APPLE\Downloads\apache-tomcat-9.0.116\webapps\host-manager] has finished in [96] ms
24-Mar-2026 22:56:12.833 INFO [main] org.apache.catalina.startup.HostConfig.deployDirectory Deploying web application directory [C:\Users\APPLE\Downloads\apache-tomcat-9.0.116\webapps\manager]
24-Mar-2026 22:56:12.962 INFO [main] org.apache.catalina.startup.HostConfig.deployDirectory Deployment of web application directory [C:\Users\APPLE\Downloads\apache-tomcat-9.0.116\webapps\manager] has finished in [129] ms
24-Mar-2026 22:56:12.963 INFO [main] org.apache.catalina.startup.HostConfig.deployDirectory Deploying web application directory [C:\Users\APPLE\Downloads\apache-tomcat-9.0.116\webapps\Project]
24-Mar-2026 22:56:13.062 INFO [main] org.apache.catalina.startup.HostConfig.deployDirectory Deployment of web application directory [C:\Users\APPLE\Downloads\apache-tomcat-9.0.116\webapps\Project] has finished in [99] ms
24-Mar-2026 22:56:13.063 INFO [main] org.apache.catalina.startup.HostConfig.deployDirectory Deploying web application directory [C:\Users\APPLE\Downloads\apache-tomcat-9.0.116\webapps\ROOT]
24-Mar-2026 22:56:13.159 INFO [main] org.apache.catalina.startup.HostConfig.deployDirectory Deployment of web application directory [C:\Users\APPLE\Downloads\apache-tomcat-9.0.116\webapps\ROOT] has finished in [96] ms
24-Mar-2026 22:56:13.171 INFO [main] org.apache.coyote.AbstractProtocol.start Starting ProtocolHandler ["http-nio-8080"]
24-Mar-2026 22:56:13.231 INFO [main] org.apache.catalina.startup.Catalina.start Server startup in [2538] milliseconds
